TN:
SF:F:/Development/git/depositSol/depositSol/src/polyfills.ts
FNF:0
FNH:0
DA:46,1
DA:53,1
DA:60,1
LF:3
LH:3
BRF:0
BRH:0
end_of_record
TN:
SF:F:/Development/git/depositSol/depositSol/src/test.ts
FNF:0
FNH:0
DA:3,1
DA:4,1
DA:5,1
DA:13,1
DA:18,1
DA:20,1
LF:6
LH:6
BRF:0
BRH:0
end_of_record
TN:
SF:F:/Development/git/depositSol/depositSol/src/app/app.component.ts
FN:8,(anonymous_1)
FN:3,AppComponent
FNF:2
FNH:1
FNDA:1,(anonymous_1)
FNDA:0,AppComponent
DA:1,1
DA:8,1
DA:9,0
DA:10,1
LF:4
LH:3
BRF:0
BRH:0
end_of_record
TN:
SF:F:/Development/git/depositSol/depositSol/src/app/components/comman/comments/comments.component.ts
FN:8,(anonymous_2)
FN:10,CommentsComponent
FN:16,(anonymous_4)
FNF:3
FNH:1
FNDA:1,(anonymous_2)
FNDA:0,CommentsComponent
FNDA:0,(anonymous_4)
DA:1,1
DA:8,1
DA:12,1
DA:13,1
DA:14,1
DA:16,1
DA:19,1
LF:7
LH:7
BRF:0
BRH:0
end_of_record
TN:
SF:F:/Development/git/depositSol/depositSol/src/app/components/comman/error/error.component.ts
FN:8,(anonymous_2)
FN:10,ErrorComponent
FN:12,(anonymous_4)
FNF:3
FNH:1
FNDA:1,(anonymous_2)
FNDA:0,ErrorComponent
FNDA:0,(anonymous_4)
DA:1,1
DA:8,1
DA:12,1
DA:15,1
LF:4
LH:4
BRF:0
BRH:0
end_of_record
TN:
SF:F:/Development/git/depositSol/depositSol/src/app/components/comman/filter-and-sort/filter-and-sort.component.ts
FN:21,(anonymous_2)
FN:23,FilterAndSortComponent
FN:27,(anonymous_4)
FN:31,(anonymous_5)
FN:32,(anonymous_6)
FN:34,(anonymous_7)
FN:38,(anonymous_8)
FNF:7
FNH:3
FNDA:1,(anonymous_2)
FNDA:1,FilterAndSortComponent
FNDA:1,(anonymous_4)
FNDA:0,(anonymous_5)
FNDA:0,(anonymous_6)
FNDA:0,(anonymous_7)
FNDA:0,(anonymous_8)
DA:1,1
DA:2,1
DA:4,1
DA:5,1
DA:21,1
DA:23,1
DA:27,1
DA:28,1
DA:31,1
DA:32,1
DA:34,1
DA:38,1
DA:42,1
LF:13
LH:13
BRF:0
BRH:0
end_of_record
TN:
SF:F:/Development/git/depositSol/depositSol/src/app/components/comman/filter-and-sort/filter-and-sort.service.ts
FN:4,(anonymous_2)
FN:6,FilterAndSortService
FNF:2
FNH:1
FNDA:1,(anonymous_2)
FNDA:0,FilterAndSortService
DA:1,1
DA:4,1
DA:8,1
DA:9,1
DA:10,1
LF:5
LH:5
BRF:0
BRH:0
end_of_record
TN:
SF:F:/Development/git/depositSol/depositSol/src/app/components/comman/fork-repo/fork-repo.component.ts
FN:10,(anonymous_2)
FN:12,ForkRepoComponent
FN:18,(anonymous_4)
FNF:3
FNH:1
FNDA:1,(anonymous_2)
FNDA:0,ForkRepoComponent
FNDA:0,(anonymous_4)
DA:1,1
DA:2,1
DA:3,1
DA:10,1
DA:12,0
DA:13,1
DA:16,0
DA:18,1
DA:19,0
DA:23,1
LF:10
LH:7
BRF:0
BRH:0
end_of_record
TN:
SF:F:/Development/git/depositSol/depositSol/src/app/components/comman/fork-repo/fork-repo.service.ts
FN:6,(anonymous_2)
FN:8,ForkRepoService
FN:9,(anonymous_4)
FN:12,(anonymous_5)
FN:17,(anonymous_6)
FNF:5
FNH:1
FNDA:1,(anonymous_2)
FNDA:0,ForkRepoService
FNDA:0,(anonymous_4)
FNDA:0,(anonymous_5)
FNDA:0,(anonymous_6)
DA:1,1
DA:2,1
DA:3,1
DA:6,1
DA:8,0
DA:9,1
DA:10,0
DA:13,0
DA:18,0
DA:22,1
LF:10
LH:6
BRF:0
BRH:0
end_of_record
TN:
SF:F:/Development/git/depositSol/depositSol/src/app/components/comman/issue-card/issue-card.component.ts
FN:12,(anonymous_2)
FN:14,IssueCardComponent
FN:33,(anonymous_4)
FN:36,(anonymous_5)
FN:37,(anonymous_6)
FN:40,(anonymous_7)
FN:43,(anonymous_8)
FN:46,(anonymous_9)
FN:49,(anonymous_10)
FN:54,(anonymous_11)
FN:56,(anonymous_12)
FN:60,(anonymous_13)
FNF:12
FNH:1
FNDA:1,(anonymous_2)
FNDA:0,IssueCardComponent
FNDA:0,(anonymous_4)
FNDA:0,(anonymous_5)
FNDA:0,(anonymous_6)
FNDA:0,(anonymous_7)
FNDA:0,(anonymous_8)
FNDA:0,(anonymous_9)
FNDA:0,(anonymous_10)
FNDA:0,(anonymous_11)
FNDA:0,(anonymous_12)
FNDA:0,(anonymous_13)
DA:1,1
DA:3,1
DA:4,1
DA:12,1
DA:14,0
DA:22,0
DA:26,0
DA:27,0
DA:29,0
DA:30,1
DA:31,1
DA:33,1
DA:34,0
DA:35,0
DA:36,0
DA:37,0
DA:39,0
DA:41,0
DA:43,0
DA:45,0
DA:47,0
DA:49,0
DA:51,0
DA:54,1
DA:55,0
DA:57,0
DA:58,0
DA:60,0
DA:63,1
LF:29
LH:9
BRDA:55,0,0,0
BRDA:55,0,1,0
BRF:2
BRH:0
end_of_record
TN:
SF:F:/Development/git/depositSol/depositSol/src/app/components/comman/issue-card/issue-card.service.ts
FN:7,(anonymous_2)
FN:9,IssueCardService
FN:16,(anonymous_4)
FN:19,(anonymous_5)
FN:22,(anonymous_6)
FN:28,(anonymous_7)
FN:31,(anonymous_8)
FN:34,(anonymous_9)
FN:40,(anonymous_10)
FN:43,(anonymous_11)
FN:46,(anonymous_12)
FNF:11
FNH:1
FNDA:1,(anonymous_2)
FNDA:0,IssueCardService
FNDA:0,(anonymous_4)
FNDA:0,(anonymous_5)
FNDA:0,(anonymous_6)
FNDA:0,(anonymous_7)
FNDA:0,(anonymous_8)
FNDA:0,(anonymous_9)
FNDA:0,(anonymous_10)
FNDA:0,(anonymous_11)
FNDA:0,(anonymous_12)
DA:1,1
DA:3,1
DA:4,1
DA:7,1
DA:9,0
DA:11,1
DA:12,1
DA:13,1
DA:14,1
DA:16,1
DA:17,0
DA:19,0
DA:23,0
DA:28,1
DA:29,0
DA:31,0
DA:35,0
DA:40,1
DA:41,0
DA:43,0
DA:47,0
DA:51,1
LF:22
LH:12
BRF:0
BRH:0
end_of_record
TN:
SF:F:/Development/git/depositSol/depositSol/src/app/components/comman/modal/modal.component.ts
FN:8,(anonymous_2)
FN:10,ModalComponent
FN:12,(anonymous_4)
FNF:3
FNH:1
FNDA:1,(anonymous_2)
FNDA:0,ModalComponent
FNDA:0,(anonymous_4)
DA:1,1
DA:8,1
DA:12,1
DA:15,1
LF:4
LH:4
BRF:0
BRH:0
end_of_record
TN:
SF:F:/Development/git/depositSol/depositSol/src/app/components/comman/multiselect-drop-down/multiselect-drop-down.component.ts
FN:11,(anonymous_2)
FN:13,MultiselectDropDownComponent
FN:28,(anonymous_4)
FN:30,(anonymous_5)
FN:38,(anonymous_6)
FN:44,(anonymous_7)
FN:48,(anonymous_8)
FN:52,(anonymous_9)
FN:56,(anonymous_10)
FN:61,(anonymous_11)
FN:76,(anonymous_12)
FNF:11
FNH:1
FNDA:1,(anonymous_2)
FNDA:0,MultiselectDropDownComponent
FNDA:0,(anonymous_4)
FNDA:0,(anonymous_5)
FNDA:0,(anonymous_6)
FNDA:0,(anonymous_7)
FNDA:0,(anonymous_8)
FNDA:0,(anonymous_9)
FNDA:0,(anonymous_10)
FNDA:0,(anonymous_11)
FNDA:0,(anonymous_12)
DA:1,1
DA:2,1
DA:3,1
DA:4,1
DA:11,1
DA:13,0
DA:15,1
DA:16,1
DA:17,1
DA:18,0
DA:19,0
DA:22,1
DA:26,0
DA:28,1
DA:29,0
DA:31,0
DA:32,0
DA:38,1
DA:39,0
DA:40,0
DA:41,0
DA:42,0
DA:44,1
DA:45,0
DA:48,1
DA:49,0
DA:52,1
DA:53,0
DA:56,1
DA:57,0
DA:58,0
DA:59,0
DA:60,0
DA:62,0
DA:63,0
DA:65,0
DA:69,0
DA:71,0
DA:73,0
DA:76,1
DA:77,0
DA:78,0
DA:79,0
DA:82,1
LF:44
LH:17
BRDA:31,0,0,0
BRDA:31,0,1,0
BRDA:57,1,0,0
BRDA:57,1,1,0
BRDA:62,2,0,0
BRDA:62,2,1,0
BRF:6
BRH:0
end_of_record
TN:
SF:F:/Development/git/depositSol/depositSol/src/app/components/comman/repo-detail/repo-detail.component.ts
FN:12,(anonymous_2)
FN:14,RepoDetailComponent
FN:27,(anonymous_4)
FN:30,(anonymous_5)
FN:39,(anonymous_6)
FN:43,(anonymous_7)
FN:49,(anonymous_8)
FNF:7
FNH:1
FNDA:1,(anonymous_2)
FNDA:0,RepoDetailComponent
FNDA:0,(anonymous_4)
FNDA:0,(anonymous_5)
FNDA:0,(anonymous_6)
FNDA:0,(anonymous_7)
FNDA:0,(anonymous_8)
DA:1,1
DA:2,1
DA:4,1
DA:5,1
DA:12,1
DA:14,0
DA:15,0
DA:24,0
DA:27,1
DA:28,0
DA:29,0
DA:31,0
DA:32,0
DA:33,0
DA:34,0
DA:35,0
DA:36,0
DA:37,0
DA:39,0
DA:42,0
DA:44,0
DA:49,1
DA:50,0
DA:53,1
LF:24
LH:8
BRF:0
BRH:0
end_of_record
TN:
SF:F:/Development/git/depositSol/depositSol/src/app/components/comman/repo-detail/repo-detail.service.ts
FN:10,(anonymous_2)
FN:12,RepoDetailService
FN:14,(anonymous_4)
FN:17,(anonymous_5)
FNF:4
FNH:1
FNDA:1,(anonymous_2)
FNDA:0,RepoDetailService
FNDA:0,(anonymous_4)
FNDA:0,(anonymous_5)
DA:1,1
DA:6,1
DA:7,1
DA:10,1
DA:12,0
DA:14,1
DA:15,0
DA:18,0
DA:22,1
LF:9
LH:6
BRF:0
BRH:0
end_of_record
TN:
SF:F:/Development/git/depositSol/depositSol/src/app/components/comman/star-repo/star-repo.component.ts
FN:10,(anonymous_2)
FN:12,StarRepoComponent
FN:22,(anonymous_4)
FN:26,(anonymous_5)
FN:27,(anonymous_6)
FN:30,(anonymous_7)
FN:34,(anonymous_8)
FN:43,(anonymous_9)
FN:45,(anonymous_10)
FN:50,(anonymous_11)
FN:56,(anonymous_12)
FN:59,(anonymous_13)
FN:64,(anonymous_14)
FNF:13
FNH:1
FNDA:1,(anonymous_2)
FNDA:0,StarRepoComponent
FNDA:0,(anonymous_4)
FNDA:0,(anonymous_5)
FNDA:0,(anonymous_6)
FNDA:0,(anonymous_7)
FNDA:0,(anonymous_8)
FNDA:0,(anonymous_9)
FNDA:0,(anonymous_10)
FNDA:0,(anonymous_11)
FNDA:0,(anonymous_12)
FNDA:0,(anonymous_13)
FNDA:0,(anonymous_14)
DA:1,1
DA:2,1
DA:3,1
DA:10,1
DA:12,0
DA:14,1
DA:15,1
DA:16,1
DA:17,1
DA:22,1
DA:23,0
DA:24,0
DA:25,0
DA:26,0
DA:27,0
DA:30,1
DA:31,0
DA:34,1
DA:35,0
DA:36,0
DA:37,0
DA:39,0
DA:43,1
DA:44,0
DA:46,0
DA:47,0
DA:48,0
DA:51,0
DA:56,1
DA:57,0
DA:58,0
DA:60,0
DA:61,0
DA:62,0
DA:65,0
DA:69,1
LF:36
LH:14
BRDA:36,0,0,0
BRDA:36,0,1,0
BRF:2
BRH:0
end_of_record
TN:
SF:F:/Development/git/depositSol/depositSol/src/app/components/comman/star-repo/star-repo.service.ts
FN:10,(anonymous_2)
FN:12,StarRepoService
FN:14,(anonymous_4)
FN:17,(anonymous_5)
FN:22,(anonymous_6)
FN:28,(anonymous_7)
FN:31,(anonymous_8)
FN:36,(anonymous_9)
FN:42,(anonymous_10)
FN:45,(anonymous_11)
FN:50,(anonymous_12)
FNF:11
FNH:1
FNDA:1,(anonymous_2)
FNDA:0,StarRepoService
FNDA:0,(anonymous_4)
FNDA:0,(anonymous_5)
FNDA:0,(anonymous_6)
FNDA:0,(anonymous_7)
FNDA:0,(anonymous_8)
FNDA:0,(anonymous_9)
FNDA:0,(anonymous_10)
FNDA:0,(anonymous_11)
FNDA:0,(anonymous_12)
DA:2,1
DA:3,1
DA:4,1
DA:5,1
DA:6,1
DA:7,1
DA:10,1
DA:12,0
DA:14,1
DA:15,0
DA:18,0
DA:23,0
DA:28,1
DA:29,0
DA:32,0
DA:37,0
DA:42,1
DA:43,0
DA:46,0
DA:51,0
DA:55,1
LF:21
LH:11
BRF:0
BRH:0
end_of_record
TN:
SF:F:/Development/git/depositSol/depositSol/src/app/components/comman/tag/tag.component.ts
FN:9,(anonymous_2)
FN:11,TagComponent
FN:27,(anonymous_4)
FN:33,(anonymous_5)
FNF:4
FNH:1
FNDA:1,(anonymous_2)
FNDA:0,TagComponent
FNDA:0,(anonymous_4)
FNDA:0,(anonymous_5)
DA:1,1
DA:2,1
DA:9,1
DA:11,0
DA:14,1
DA:15,1
DA:16,1
DA:17,1
DA:18,1
DA:19,1
DA:20,1
DA:21,1
DA:27,1
DA:28,0
DA:29,0
DA:30,0
DA:33,1
DA:34,0
DA:35,0
DA:36,0
DA:37,0
DA:39,0
DA:40,0
DA:41,0
DA:44,1
LF:25
LH:14
BRDA:29,0,0,0
BRDA:29,0,1,0
BRDA:34,1,0,0
BRDA:34,1,1,0
BRF:4
BRH:0
end_of_record
TN:
SF:F:/Development/git/depositSol/depositSol/src/app/components/comman/tag/tag.service.ts
FN:4,(anonymous_2)
FN:6,TagService
FNF:2
FNH:1
FNDA:1,(anonymous_2)
FNDA:0,TagService
DA:1,1
DA:4,1
DA:7,1
DA:8,1
DA:9,1
LF:5
LH:5
BRF:0
BRH:0
end_of_record
TN:
SF:F:/Development/git/depositSol/depositSol/src/app/components/comman/watch-repo/watch-repo.component.ts
FN:10,(anonymous_2)
FN:12,WatchRepoComponent
FN:19,(anonymous_4)
FN:22,(anonymous_5)
FN:23,(anonymous_6)
FN:26,(anonymous_7)
FN:30,(anonymous_8)
FN:39,(anonymous_9)
FN:41,(anonymous_10)
FN:46,(anonymous_11)
FN:52,(anonymous_12)
FN:55,(anonymous_13)
FN:60,(anonymous_14)
FNF:13
FNH:1
FNDA:1,(anonymous_2)
FNDA:0,WatchRepoComponent
FNDA:0,(anonymous_4)
FNDA:0,(anonymous_5)
FNDA:0,(anonymous_6)
FNDA:0,(anonymous_7)
FNDA:0,(anonymous_8)
FNDA:0,(anonymous_9)
FNDA:0,(anonymous_10)
FNDA:0,(anonymous_11)
FNDA:0,(anonymous_12)
FNDA:0,(anonymous_13)
FNDA:0,(anonymous_14)
DA:1,1
DA:2,1
DA:3,1
DA:10,1
DA:12,0
DA:14,1
DA:17,0
DA:19,1
DA:20,0
DA:21,0
DA:22,0
DA:23,0
DA:26,1
DA:27,0
DA:30,1
DA:31,0
DA:32,0
DA:33,0
DA:35,0
DA:39,1
DA:40,0
DA:42,0
DA:43,0
DA:44,0
DA:47,0
DA:52,1
DA:53,0
DA:54,0
DA:56,0
DA:57,0
DA:58,0
DA:61,0
DA:66,1
LF:33
LH:11
BRDA:32,0,0,0
BRDA:32,0,1,0
BRF:2
BRH:0
end_of_record
TN:
SF:F:/Development/git/depositSol/depositSol/src/app/components/comman/watch-repo/watch.service.ts
FN:6,(anonymous_2)
FN:8,WatchService
FN:10,(anonymous_4)
FN:13,(anonymous_5)
FN:18,(anonymous_6)
FN:24,(anonymous_7)
FN:27,(anonymous_8)
FN:32,(anonymous_9)
FN:38,(anonymous_10)
FN:41,(anonymous_11)
FN:46,(anonymous_12)
FNF:11
FNH:1
FNDA:1,(anonymous_2)
FNDA:0,WatchService
FNDA:0,(anonymous_4)
FNDA:0,(anonymous_5)
FNDA:0,(anonymous_6)
FNDA:0,(anonymous_7)
FNDA:0,(anonymous_8)
FNDA:0,(anonymous_9)
FNDA:0,(anonymous_10)
FNDA:0,(anonymous_11)
FNDA:0,(anonymous_12)
DA:1,1
DA:2,1
DA:3,1
DA:6,1
DA:8,0
DA:10,1
DA:11,0
DA:14,0
DA:19,0
DA:24,1
DA:25,0
DA:28,0
DA:33,0
DA:38,1
DA:39,0
DA:42,0
DA:47,0
DA:51,1
LF:18
LH:8
BRF:0
BRH:0
end_of_record
TN:
SF:F:/Development/git/depositSol/depositSol/src/app/components/content/content.component.ts
FN:14,(anonymous_2)
FN:25,ContentComponent
FN:27,(anonymous_4)
FN:33,(anonymous_5)
FN:36,(anonymous_6)
FN:40,(anonymous_7)
FN:43,(anonymous_8)
FNF:7
FNH:1
FNDA:1,(anonymous_2)
FNDA:0,ContentComponent
FNDA:0,(anonymous_4)
FNDA:0,(anonymous_5)
FNDA:0,(anonymous_6)
FNDA:0,(anonymous_7)
FNDA:0,(anonymous_8)
DA:1,1
DA:7,1
DA:14,1
DA:20,0
DA:21,0
DA:22,0
DA:23,0
DA:25,0
DA:27,1
DA:28,0
DA:29,0
DA:30,0
DA:31,0
DA:32,0
DA:34,0
DA:39,0
DA:41,0
DA:47,1
LF:18
LH:5
BRF:0
BRH:0
end_of_record
TN:
SF:F:/Development/git/depositSol/depositSol/src/app/components/content/content.service.ts
FN:7,(anonymous_2)
FN:9,ContentService
FN:10,(anonymous_4)
FN:13,(anonymous_5)
FNF:4
FNH:1
FNDA:1,(anonymous_2)
FNDA:0,ContentService
FNDA:0,(anonymous_4)
FNDA:0,(anonymous_5)
DA:1,1
DA:2,1
DA:7,1
DA:9,0
DA:10,1
DA:11,0
DA:14,0
DA:18,1
LF:8
LH:5
BRF:0
BRH:0
end_of_record
TN:
SF:F:/Development/git/depositSol/depositSol/src/app/components/footer/footer.component.ts
FN:8,(anonymous_2)
FN:10,FooterComponent
FN:12,(anonymous_4)
FNF:3
FNH:1
FNDA:1,(anonymous_2)
FNDA:0,FooterComponent
FNDA:0,(anonymous_4)
DA:1,1
DA:8,1
DA:12,1
DA:15,1
LF:4
LH:4
BRF:0
BRH:0
end_of_record
TN:
SF:F:/Development/git/depositSol/depositSol/src/app/components/header/header.component.ts
FN:28,(anonymous_2)
FN:30,HeaderComponent
FN:37,(anonymous_4)
FN:41,(anonymous_5)
FN:45,(anonymous_6)
FN:51,(anonymous_7)
FNF:6
FNH:1
FNDA:1,(anonymous_2)
FNDA:0,HeaderComponent
FNDA:0,(anonymous_4)
FNDA:0,(anonymous_5)
FNDA:0,(anonymous_6)
FNDA:0,(anonymous_7)
DA:1,1
DA:2,1
DA:3,1
DA:28,1
DA:33,0
DA:34,0
DA:35,0
DA:36,0
DA:37,1
DA:38,0
DA:39,0
DA:40,0
DA:41,0
DA:42,0
DA:45,1
DA:46,0
DA:47,0
DA:48,0
DA:51,1
DA:52,0
DA:55,1
LF:21
LH:8
BRDA:46,0,0,0
BRDA:46,0,1,0
BRDA:47,1,0,0
BRDA:47,1,1,0
BRDA:48,2,0,0
BRDA:48,2,1,0
BRF:6
BRH:0
end_of_record
TN:
SF:F:/Development/git/depositSol/depositSol/src/app/components/header/nav-links/nav-links.component.ts
FN:8,(anonymous_2)
FN:10,NavLinksComponent
FN:12,(anonymous_4)
FNF:3
FNH:1
FNDA:1,(anonymous_2)
FNDA:0,NavLinksComponent
FNDA:0,(anonymous_4)
DA:1,1
DA:8,1
DA:12,1
DA:15,1
LF:4
LH:4
BRF:0
BRH:0
end_of_record
TN:
SF:F:/Development/git/depositSol/depositSol/src/app/constants/global.constant.ts
FN:25,userLogin
FNF:1
FNH:1
FNDA:1,userLogin
DA:2,1
DA:4,1
DA:15,1
DA:20,1
DA:25,1
DA:26,1
DA:29,1
LF:7
LH:7
BRF:0
BRH:0
end_of_record
TN:
SF:F:/Development/git/depositSol/depositSol/src/app/pipe/filter.pipe.ts
FN:6,(anonymous_1)
FN:7,(anonymous_3)
FN:11,(anonymous_4)
FNF:3
FNH:1
FNDA:1,(anonymous_1)
FNDA:0,(anonymous_3)
FNDA:0,(anonymous_4)
DA:1,1
DA:6,1
DA:7,1
DA:8,0
DA:9,0
DA:10,0
DA:11,0
DA:12,0
DA:15,1
LF:9
LH:4
BRDA:8,0,0,0
BRDA:8,0,1,0
BRDA:9,1,0,0
BRDA:9,1,1,0
BRF:4
BRH:0
end_of_record
TN:
SF:F:/Development/git/depositSol/depositSol/src/app/services/backend.service.ts
FN:8,(anonymous_2)
FN:10,BackendService
FN:12,(anonymous_4)
FN:24,(anonymous_5)
FN:33,(anonymous_6)
FNF:5
FNH:3
FNDA:1,(anonymous_2)
FNDA:1,BackendService
FNDA:1,(anonymous_4)
FNDA:0,(anonymous_5)
FNDA:0,(anonymous_6)
DA:1,1
DA:2,1
DA:3,1
DA:4,1
DA:8,1
DA:10,1
DA:12,1
DA:13,1
DA:24,1
DA:25,0
DA:33,1
DA:34,0
DA:41,1
LF:13
LH:11
BRDA:15,0,0,0
BRDA:15,0,1,1
BRDA:25,1,0,0
BRDA:25,1,1,0
BRF:4
BRH:1
end_of_record
TN:
SF:F:/Development/git/depositSol/depositSol/src/app/services/common.service.ts
FN:4,(anonymous_2)
FN:6,CommonService
FN:8,(anonymous_4)
FN:12,(anonymous_5)
FNF:4
FNH:3
FNDA:1,(anonymous_2)
FNDA:1,CommonService
FNDA:1,(anonymous_4)
FNDA:0,(anonymous_5)
DA:1,1
DA:4,1
DA:8,1
DA:9,1
DA:12,1
DA:13,0
DA:14,0
DA:15,0
DA:16,0
DA:18,1
LF:10
LH:6
BRF:0
BRH:0
end_of_record
