TN:
SF:F:/Development/git/depositSol/depositSol/src/polyfills.ts
FNF:0
FNH:0
DA:46,1
DA:53,1
DA:60,1
LF:3
LH:3
BRF:0
BRH:0
end_of_record
TN:
SF:F:/Development/git/depositSol/depositSol/src/test.ts
FNF:0
FNH:0
DA:3,1
DA:4,1
DA:5,1
DA:13,1
DA:18,1
DA:20,1
LF:6
LH:6
BRF:0
BRH:0
end_of_record
TN:
SF:F:/Development/git/depositSol/depositSol/src/app/app.component.ts
FN:9,(anonymous_2)
FN:12,AppComponent
FN:14,(anonymous_4)
FNF:3
FNH:1
FNDA:1,(anonymous_2)
FNDA:0,AppComponent
FNDA:0,(anonymous_4)
DA:1,1
DA:2,1
DA:9,1
DA:10,0
DA:12,0
DA:13,0
DA:15,0
DA:19,1
LF:8
LH:4
BRDA:15,0,0,0
BRDA:15,0,1,0
BRF:2
BRH:0
end_of_record
TN:
SF:F:/Development/git/depositSol/depositSol/src/app/app.service.ts
FN:4,(anonymous_2)
FN:6,AppService
FNF:2
FNH:1
FNDA:1,(anonymous_2)
FNDA:0,AppService
DA:1,1
DA:4,1
DA:7,1
DA:8,1
LF:4
LH:4
BRF:0
BRH:0
end_of_record
TN:
SF:F:/Development/git/depositSol/depositSol/src/app/components/comman/comments/comments.component.ts
FN:8,(anonymous_2)
FN:10,CommentsComponent
FN:16,(anonymous_4)
FNF:3
FNH:1
FNDA:1,(anonymous_2)
FNDA:0,CommentsComponent
FNDA:0,(anonymous_4)
DA:1,1
DA:8,1
DA:12,1
DA:13,1
DA:14,1
DA:16,1
DA:19,1
LF:7
LH:7
BRF:0
BRH:0
end_of_record
TN:
SF:F:/Development/git/depositSol/depositSol/src/app/components/comman/error/error.component.ts
FN:8,(anonymous_2)
FN:10,ErrorComponent
FN:12,(anonymous_4)
FNF:3
FNH:1
FNDA:1,(anonymous_2)
FNDA:0,ErrorComponent
FNDA:0,(anonymous_4)
DA:1,1
DA:8,1
DA:12,1
DA:15,1
LF:4
LH:4
BRF:0
BRH:0
end_of_record
TN:
SF:F:/Development/git/depositSol/depositSol/src/app/components/comman/fork-repo/fork-repo.component.ts
FN:10,(anonymous_2)
FN:12,ForkRepoComponent
FN:17,(anonymous_4)
FNF:3
FNH:1
FNDA:1,(anonymous_2)
FNDA:0,ForkRepoComponent
FNDA:0,(anonymous_4)
DA:1,1
DA:2,1
DA:3,1
DA:10,1
DA:12,0
DA:13,1
DA:15,0
DA:17,1
DA:18,0
DA:22,1
LF:10
LH:7
BRF:0
BRH:0
end_of_record
TN:
SF:F:/Development/git/depositSol/depositSol/src/app/components/comman/fork-repo/fork-repo.service.ts
FN:6,(anonymous_2)
FN:8,ForkRepoService
FN:9,(anonymous_4)
FN:12,(anonymous_5)
FN:17,(anonymous_6)
FNF:5
FNH:1
FNDA:1,(anonymous_2)
FNDA:0,ForkRepoService
FNDA:0,(anonymous_4)
FNDA:0,(anonymous_5)
FNDA:0,(anonymous_6)
DA:1,1
DA:2,1
DA:3,1
DA:6,1
DA:8,0
DA:9,1
DA:10,0
DA:13,0
DA:18,0
DA:22,1
LF:10
LH:6
BRF:0
BRH:0
end_of_record
TN:
SF:F:/Development/git/depositSol/depositSol/src/app/components/comman/issue-card/issue-card.component.ts
FN:14,(anonymous_2)
FN:16,IssueCardComponent
FN:40,(anonymous_4)
FN:43,(anonymous_5)
FN:44,(anonymous_6)
FN:47,(anonymous_7)
FN:50,(anonymous_8)
FN:53,(anonymous_9)
FN:56,(anonymous_10)
FN:59,(anonymous_11)
FN:62,(anonymous_12)
FN:66,(anonymous_13)
FN:70,(anonymous_14)
FN:72,(anonymous_15)
FN:75,(anonymous_16)
FNF:15
FNH:1
FNDA:1,(anonymous_2)
FNDA:0,IssueCardComponent
FNDA:0,(anonymous_4)
FNDA:0,(anonymous_5)
FNDA:0,(anonymous_6)
FNDA:0,(anonymous_7)
FNDA:0,(anonymous_8)
FNDA:0,(anonymous_9)
FNDA:0,(anonymous_10)
FNDA:0,(anonymous_11)
FNDA:0,(anonymous_12)
FNDA:0,(anonymous_13)
FNDA:0,(anonymous_14)
FNDA:0,(anonymous_15)
FNDA:0,(anonymous_16)
DA:1,1
DA:3,1
DA:4,1
DA:6,1
DA:7,1
DA:14,1
DA:16,0
DA:17,0
DA:18,0
DA:26,0
DA:27,0
DA:31,0
DA:32,0
DA:35,1
DA:36,1
DA:40,1
DA:41,0
DA:42,0
DA:43,0
DA:44,0
DA:46,0
DA:48,0
DA:50,0
DA:52,0
DA:54,0
DA:56,0
DA:58,0
DA:60,0
DA:62,0
DA:66,1
DA:67,0
DA:70,1
DA:71,0
DA:73,0
DA:75,0
DA:78,1
LF:36
LH:12
BRDA:71,0,0,0
BRDA:71,0,1,0
BRF:2
BRH:0
end_of_record
TN:
SF:F:/Development/git/depositSol/depositSol/src/app/components/comman/issue-card/issue-card.service.ts
FN:7,(anonymous_2)
FN:9,IssueCardService
FN:17,(anonymous_4)
FN:20,(anonymous_5)
FN:23,(anonymous_6)
FN:29,(anonymous_7)
FN:32,(anonymous_8)
FN:35,(anonymous_9)
FN:41,(anonymous_10)
FN:44,(anonymous_11)
FN:47,(anonymous_12)
FN:53,(anonymous_13)
FN:56,(anonymous_14)
FN:59,(anonymous_15)
FNF:14
FNH:1
FNDA:1,(anonymous_2)
FNDA:0,IssueCardService
FNDA:0,(anonymous_4)
FNDA:0,(anonymous_5)
FNDA:0,(anonymous_6)
FNDA:0,(anonymous_7)
FNDA:0,(anonymous_8)
FNDA:0,(anonymous_9)
FNDA:0,(anonymous_10)
FNDA:0,(anonymous_11)
FNDA:0,(anonymous_12)
FNDA:0,(anonymous_13)
FNDA:0,(anonymous_14)
FNDA:0,(anonymous_15)
DA:1,1
DA:3,1
DA:4,1
DA:7,1
DA:9,0
DA:11,1
DA:12,1
DA:13,1
DA:14,1
DA:15,1
DA:17,1
DA:18,0
DA:20,0
DA:24,0
DA:29,1
DA:30,0
DA:32,0
DA:36,0
DA:41,1
DA:42,0
DA:44,0
DA:48,0
DA:53,1
DA:54,0
DA:56,0
DA:60,0
DA:64,1
LF:27
LH:14
BRF:0
BRH:0
end_of_record
TN:
SF:F:/Development/git/depositSol/depositSol/src/app/components/comman/loader/loader.component.ts
FN:8,(anonymous_2)
FN:10,LoaderComponent
FN:14,(anonymous_4)
FNF:3
FNH:1
FNDA:1,(anonymous_2)
FNDA:0,LoaderComponent
FNDA:0,(anonymous_4)
DA:1,1
DA:8,1
DA:12,1
DA:14,1
DA:15,0
DA:18,1
LF:6
LH:5
BRF:0
BRH:0
end_of_record
TN:
SF:F:/Development/git/depositSol/depositSol/src/app/components/comman/modal/modal.component.ts
FN:8,(anonymous_2)
FN:10,ModalComponent
FN:12,(anonymous_4)
FNF:3
FNH:1
FNDA:1,(anonymous_2)
FNDA:0,ModalComponent
FNDA:0,(anonymous_4)
DA:1,1
DA:8,1
DA:12,1
DA:15,1
LF:4
LH:4
BRF:0
BRH:0
end_of_record
TN:
SF:F:/Development/git/depositSol/depositSol/src/app/components/comman/multiselect-drop-down/multiselect-drop-down.component.ts
FN:13,(anonymous_2)
FN:15,MultiselectDropDownComponent
FN:39,(anonymous_4)
FN:41,(anonymous_5)
FN:49,(anonymous_6)
FN:52,(anonymous_7)
FN:56,(anonymous_8)
FN:60,(anonymous_9)
FN:70,(anonymous_10)
FNF:9
FNH:1
FNDA:1,(anonymous_2)
FNDA:0,MultiselectDropDownComponent
FNDA:0,(anonymous_4)
FNDA:0,(anonymous_5)
FNDA:0,(anonymous_6)
FNDA:0,(anonymous_7)
FNDA:0,(anonymous_8)
FNDA:0,(anonymous_9)
FNDA:0,(anonymous_10)
DA:1,1
DA:2,1
DA:3,1
DA:4,1
DA:5,1
DA:6,1
DA:13,1
DA:15,0
DA:16,0
DA:17,0
DA:18,0
DA:20,1
DA:21,1
DA:22,1
DA:23,1
DA:24,1
DA:25,1
DA:26,1
DA:27,1
DA:28,1
DA:29,1
DA:30,0
DA:31,1
DA:36,0
DA:39,1
DA:40,0
DA:42,0
DA:43,0
DA:48,0
DA:50,0
DA:56,1
DA:57,0
DA:60,1
DA:61,0
DA:62,0
DA:64,0
DA:65,0
DA:66,0
DA:67,0
DA:70,1
DA:71,0
DA:72,0
DA:73,0
DA:75,1
LF:44
LH:23
BRDA:42,0,0,0
BRDA:42,0,1,0
BRDA:61,1,0,0
BRDA:61,1,1,0
BRDA:61,2,0,0
BRDA:61,2,1,0
BRDA:61,2,2,0
BRF:7
BRH:0
end_of_record
TN:
SF:F:/Development/git/depositSol/depositSol/src/app/components/comman/multiselect-drop-down/multiselect-drop-down.service.ts
FN:4,(anonymous_2)
FN:6,MultiselectDropDownService
FNF:2
FNH:1
FNDA:1,(anonymous_2)
FNDA:0,MultiselectDropDownService
DA:1,1
DA:4,1
DA:8,1
LF:3
LH:3
BRF:0
BRH:0
end_of_record
TN:
SF:F:/Development/git/depositSol/depositSol/src/app/components/comman/repo-detail/repo-detail.component.ts
FN:11,(anonymous_2)
FN:13,RepoDetailComponent
FN:31,(anonymous_4)
FN:35,(anonymous_5)
FN:45,(anonymous_6)
FN:48,(anonymous_7)
FN:53,(anonymous_8)
FN:59,(anonymous_9)
FNF:8
FNH:1
FNDA:1,(anonymous_2)
FNDA:0,RepoDetailComponent
FNDA:0,(anonymous_4)
FNDA:0,(anonymous_5)
FNDA:0,(anonymous_6)
FNDA:0,(anonymous_7)
FNDA:0,(anonymous_8)
FNDA:0,(anonymous_9)
DA:1,1
DA:2,1
DA:4,1
DA:11,1
DA:13,0
DA:24,0
DA:27,0
DA:28,0
DA:31,1
DA:32,0
DA:33,0
DA:34,0
DA:36,0
DA:37,0
DA:38,0
DA:39,0
DA:40,0
DA:41,0
DA:42,0
DA:43,0
DA:45,0
DA:47,0
DA:49,0
DA:52,0
DA:54,0
DA:59,1
DA:60,0
DA:61,0
DA:62,0
DA:65,1
LF:30
LH:7
BRDA:39,0,0,0
BRDA:39,0,1,0
BRF:2
BRH:0
end_of_record
TN:
SF:F:/Development/git/depositSol/depositSol/src/app/components/comman/repo-detail/repo-detail.service.ts
FN:10,(anonymous_2)
FN:12,RepoDetailService
FN:14,(anonymous_4)
FN:17,(anonymous_5)
FN:23,(anonymous_6)
FN:26,(anonymous_7)
FN:32,(anonymous_8)
FN:35,(anonymous_9)
FNF:8
FNH:1
FNDA:1,(anonymous_2)
FNDA:0,RepoDetailService
FNDA:0,(anonymous_4)
FNDA:0,(anonymous_5)
FNDA:0,(anonymous_6)
FNDA:0,(anonymous_7)
FNDA:0,(anonymous_8)
FNDA:0,(anonymous_9)
DA:1,1
DA:5,1
DA:6,1
DA:7,1
DA:10,1
DA:12,0
DA:14,1
DA:15,0
DA:18,0
DA:23,1
DA:24,0
DA:27,0
DA:32,1
DA:33,0
DA:36,0
DA:40,1
LF:16
LH:9
BRF:0
BRH:0
end_of_record
TN:
SF:F:/Development/git/depositSol/depositSol/src/app/components/comman/star-repo/star-repo.component.ts
FN:10,(anonymous_2)
FN:12,StarRepoComponent
FN:22,(anonymous_4)
FN:26,(anonymous_5)
FN:27,(anonymous_6)
FN:30,(anonymous_7)
FN:34,(anonymous_8)
FN:43,(anonymous_9)
FN:45,(anonymous_10)
FN:50,(anonymous_11)
FN:56,(anonymous_12)
FN:59,(anonymous_13)
FN:64,(anonymous_14)
FNF:13
FNH:1
FNDA:1,(anonymous_2)
FNDA:0,StarRepoComponent
FNDA:0,(anonymous_4)
FNDA:0,(anonymous_5)
FNDA:0,(anonymous_6)
FNDA:0,(anonymous_7)
FNDA:0,(anonymous_8)
FNDA:0,(anonymous_9)
FNDA:0,(anonymous_10)
FNDA:0,(anonymous_11)
FNDA:0,(anonymous_12)
FNDA:0,(anonymous_13)
FNDA:0,(anonymous_14)
DA:1,1
DA:2,1
DA:3,1
DA:10,1
DA:12,0
DA:14,1
DA:15,1
DA:16,1
DA:17,1
DA:22,1
DA:23,0
DA:24,0
DA:25,0
DA:26,0
DA:27,0
DA:30,1
DA:34,1
DA:35,0
DA:36,0
DA:37,0
DA:39,0
DA:43,1
DA:44,0
DA:46,0
DA:47,0
DA:48,0
DA:51,0
DA:56,1
DA:57,0
DA:58,0
DA:60,0
DA:61,0
DA:62,0
DA:65,0
DA:69,1
LF:35
LH:14
BRDA:36,0,0,0
BRDA:36,0,1,0
BRF:2
BRH:0
end_of_record
TN:
SF:F:/Development/git/depositSol/depositSol/src/app/components/comman/star-repo/star-repo.service.ts
FN:10,(anonymous_2)
FN:12,StarRepoService
FN:14,(anonymous_4)
FN:17,(anonymous_5)
FN:22,(anonymous_6)
FN:28,(anonymous_7)
FN:31,(anonymous_8)
FN:36,(anonymous_9)
FN:42,(anonymous_10)
FN:45,(anonymous_11)
FN:50,(anonymous_12)
FNF:11
FNH:1
FNDA:1,(anonymous_2)
FNDA:0,StarRepoService
FNDA:0,(anonymous_4)
FNDA:0,(anonymous_5)
FNDA:0,(anonymous_6)
FNDA:0,(anonymous_7)
FNDA:0,(anonymous_8)
FNDA:0,(anonymous_9)
FNDA:0,(anonymous_10)
FNDA:0,(anonymous_11)
FNDA:0,(anonymous_12)
DA:2,1
DA:3,1
DA:4,1
DA:5,1
DA:6,1
DA:7,1
DA:10,1
DA:12,0
DA:14,1
DA:15,0
DA:18,0
DA:23,0
DA:28,1
DA:29,0
DA:32,0
DA:37,0
DA:42,1
DA:43,0
DA:46,0
DA:51,0
DA:55,1
LF:21
LH:11
BRF:0
BRH:0
end_of_record
TN:
SF:F:/Development/git/depositSol/depositSol/src/app/components/comman/tag/tag.component.ts
FN:10,(anonymous_2)
FN:12,TagComponent
FN:31,(anonymous_4)
FN:40,(anonymous_5)
FNF:4
FNH:1
FNDA:1,(anonymous_2)
FNDA:0,TagComponent
FNDA:0,(anonymous_4)
FNDA:0,(anonymous_5)
DA:1,1
DA:2,1
DA:3,1
DA:10,1
DA:12,0
DA:15,1
DA:16,1
DA:17,1
DA:18,1
DA:19,1
DA:20,1
DA:21,1
DA:22,1
DA:23,1
DA:29,0
DA:31,1
DA:32,0
DA:33,0
DA:34,0
DA:35,0
DA:36,0
DA:40,1
DA:41,0
DA:42,0
DA:43,0
DA:44,0
DA:46,0
DA:47,0
DA:48,0
DA:51,1
LF:30
LH:16
BRDA:35,0,0,0
BRDA:35,0,1,0
BRDA:41,1,0,0
BRDA:41,1,1,0
BRF:4
BRH:0
end_of_record
TN:
SF:F:/Development/git/depositSol/depositSol/src/app/components/comman/tag/tag.service.ts
FN:4,(anonymous_2)
FN:6,TagService
FNF:2
FNH:1
FNDA:1,(anonymous_2)
FNDA:0,TagService
DA:1,1
DA:4,1
DA:7,1
DA:8,1
DA:9,1
LF:5
LH:5
BRF:0
BRH:0
end_of_record
TN:
SF:F:/Development/git/depositSol/depositSol/src/app/components/comman/watch-repo/watch-repo.component.ts
FN:10,(anonymous_2)
FN:12,WatchRepoComponent
FN:19,(anonymous_4)
FN:22,(anonymous_5)
FN:23,(anonymous_6)
FN:26,(anonymous_7)
FN:30,(anonymous_8)
FN:39,(anonymous_9)
FN:41,(anonymous_10)
FN:46,(anonymous_11)
FN:52,(anonymous_12)
FN:55,(anonymous_13)
FN:60,(anonymous_14)
FNF:13
FNH:1
FNDA:1,(anonymous_2)
FNDA:0,WatchRepoComponent
FNDA:0,(anonymous_4)
FNDA:0,(anonymous_5)
FNDA:0,(anonymous_6)
FNDA:0,(anonymous_7)
FNDA:0,(anonymous_8)
FNDA:0,(anonymous_9)
FNDA:0,(anonymous_10)
FNDA:0,(anonymous_11)
FNDA:0,(anonymous_12)
FNDA:0,(anonymous_13)
FNDA:0,(anonymous_14)
DA:1,1
DA:2,1
DA:3,1
DA:10,1
DA:12,0
DA:14,1
DA:17,0
DA:19,1
DA:20,0
DA:21,0
DA:22,0
DA:23,0
DA:26,1
DA:30,1
DA:31,0
DA:32,0
DA:33,0
DA:35,0
DA:39,1
DA:40,0
DA:42,0
DA:43,0
DA:44,0
DA:47,0
DA:52,1
DA:53,0
DA:54,0
DA:56,0
DA:57,0
DA:58,0
DA:61,0
DA:66,1
LF:32
LH:11
BRDA:32,0,0,0
BRDA:32,0,1,0
BRF:2
BRH:0
end_of_record
TN:
SF:F:/Development/git/depositSol/depositSol/src/app/components/comman/watch-repo/watch.service.ts
FN:6,(anonymous_2)
FN:8,WatchService
FN:10,(anonymous_4)
FN:13,(anonymous_5)
FN:18,(anonymous_6)
FN:24,(anonymous_7)
FN:27,(anonymous_8)
FN:32,(anonymous_9)
FN:38,(anonymous_10)
FN:41,(anonymous_11)
FN:46,(anonymous_12)
FNF:11
FNH:1
FNDA:1,(anonymous_2)
FNDA:0,WatchService
FNDA:0,(anonymous_4)
FNDA:0,(anonymous_5)
FNDA:0,(anonymous_6)
FNDA:0,(anonymous_7)
FNDA:0,(anonymous_8)
FNDA:0,(anonymous_9)
FNDA:0,(anonymous_10)
FNDA:0,(anonymous_11)
FNDA:0,(anonymous_12)
DA:1,1
DA:2,1
DA:3,1
DA:6,1
DA:8,0
DA:10,1
DA:11,0
DA:14,0
DA:19,0
DA:24,1
DA:25,0
DA:28,0
DA:33,0
DA:38,1
DA:39,0
DA:42,0
DA:47,0
DA:51,1
LF:18
LH:8
BRF:0
BRH:0
end_of_record
TN:
SF:F:/Development/git/depositSol/depositSol/src/app/components/content/content.component.ts
FN:29,(anonymous_2)
FN:31,ContentComponent
FN:61,(anonymous_4)
FN:71,(anonymous_5)
FN:87,(anonymous_6)
FN:90,(anonymous_7)
FN:94,(anonymous_8)
FN:97,(anonymous_9)
FN:100,(anonymous_10)
FN:103,(anonymous_11)
FN:111,(anonymous_12)
FN:119,(anonymous_13)
FN:127,(anonymous_14)
FN:132,(anonymous_15)
FN:137,(anonymous_16)
FN:142,(anonymous_17)
FN:147,(anonymous_18)
FNF:17
FNH:1
FNDA:1,(anonymous_2)
FNDA:0,ContentComponent
FNDA:0,(anonymous_4)
FNDA:0,(anonymous_5)
FNDA:0,(anonymous_6)
FNDA:0,(anonymous_7)
FNDA:0,(anonymous_8)
FNDA:0,(anonymous_9)
FNDA:0,(anonymous_10)
FNDA:0,(anonymous_11)
FNDA:0,(anonymous_12)
FNDA:0,(anonymous_13)
FNDA:0,(anonymous_14)
FNDA:0,(anonymous_15)
FNDA:0,(anonymous_16)
FNDA:0,(anonymous_17)
FNDA:0,(anonymous_18)
DA:1,1
DA:2,1
DA:3,1
DA:4,1
DA:5,1
DA:29,1
DA:31,0
DA:32,0
DA:38,0
DA:39,0
DA:40,0
DA:41,0
DA:46,0
DA:47,0
DA:48,0
DA:49,0
DA:61,1
DA:62,0
DA:63,0
DA:64,0
DA:65,0
DA:66,0
DA:67,0
DA:68,0
DA:69,0
DA:70,0
DA:71,0
DA:72,0
DA:73,0
DA:74,0
DA:75,0
DA:76,0
DA:78,0
DA:79,0
DA:80,0
DA:81,0
DA:82,0
DA:86,0
DA:88,0
DA:93,0
DA:95,0
DA:99,0
DA:101,0
DA:105,0
DA:106,0
DA:107,0
DA:108,0
DA:111,1
DA:112,0
DA:113,0
DA:114,0
DA:115,0
DA:116,0
DA:119,1
DA:120,0
DA:121,0
DA:122,0
DA:123,0
DA:124,0
DA:127,1
DA:128,0
DA:129,0
DA:132,1
DA:133,0
DA:134,0
DA:137,1
DA:138,0
DA:139,0
DA:142,1
DA:143,0
DA:144,0
DA:147,1
DA:148,0
DA:153,1
LF:74
LH:15
BRDA:72,0,0,0
BRDA:72,0,1,0
BRDA:112,1,0,0
BRDA:112,1,1,0
BRDA:113,2,0,0
BRDA:113,2,1,0
BRDA:115,3,0,0
BRDA:115,3,1,0
BRDA:116,4,0,0
BRDA:116,4,1,0
BRDA:120,5,0,0
BRDA:120,5,1,0
BRDA:121,6,0,0
BRDA:121,6,1,0
BRDA:123,7,0,0
BRDA:123,7,1,0
BRDA:124,8,0,0
BRDA:124,8,1,0
BRF:18
BRH:0
end_of_record
TN:
SF:F:/Development/git/depositSol/depositSol/src/app/components/content/content.service.ts
FN:7,(anonymous_2)
FN:9,ContentService
FN:10,(anonymous_4)
FN:13,(anonymous_5)
FNF:4
FNH:1
FNDA:1,(anonymous_2)
FNDA:0,ContentService
FNDA:0,(anonymous_4)
FNDA:0,(anonymous_5)
DA:1,1
DA:2,1
DA:7,1
DA:9,0
DA:10,1
DA:11,0
DA:14,0
DA:18,1
LF:8
LH:5
BRF:0
BRH:0
end_of_record
TN:
SF:F:/Development/git/depositSol/depositSol/src/app/components/fall-back/fall-back.component.ts
FN:8,(anonymous_2)
FN:10,FallBackComponent
FN:12,(anonymous_4)
FNF:3
FNH:1
FNDA:1,(anonymous_2)
FNDA:0,FallBackComponent
FNDA:0,(anonymous_4)
DA:1,1
DA:8,1
DA:12,1
DA:15,1
LF:4
LH:4
BRF:0
BRH:0
end_of_record
TN:
SF:F:/Development/git/depositSol/depositSol/src/app/components/footer/footer.component.ts
FN:8,(anonymous_2)
FN:10,FooterComponent
FN:12,(anonymous_4)
FNF:3
FNH:1
FNDA:1,(anonymous_2)
FNDA:0,FooterComponent
FNDA:0,(anonymous_4)
DA:1,1
DA:8,1
DA:12,1
DA:15,1
LF:4
LH:4
BRF:0
BRH:0
end_of_record
TN:
SF:F:/Development/git/depositSol/depositSol/src/app/components/header/header.component.ts
FN:28,(anonymous_2)
FN:30,HeaderComponent
FN:37,(anonymous_4)
FN:41,(anonymous_5)
FN:45,(anonymous_6)
FN:51,(anonymous_7)
FNF:6
FNH:1
FNDA:1,(anonymous_2)
FNDA:0,HeaderComponent
FNDA:0,(anonymous_4)
FNDA:0,(anonymous_5)
FNDA:0,(anonymous_6)
FNDA:0,(anonymous_7)
DA:1,1
DA:2,1
DA:3,1
DA:28,1
DA:33,0
DA:34,0
DA:35,0
DA:36,0
DA:37,1
DA:38,0
DA:39,0
DA:40,0
DA:41,0
DA:42,0
DA:45,1
DA:46,0
DA:47,0
DA:48,0
DA:51,1
DA:52,0
DA:55,1
LF:21
LH:8
BRDA:46,0,0,0
BRDA:46,0,1,0
BRDA:47,1,0,0
BRDA:47,1,1,0
BRDA:48,2,0,0
BRDA:48,2,1,0
BRF:6
BRH:0
end_of_record
TN:
SF:F:/Development/git/depositSol/depositSol/src/app/components/header/nav-links/nav-links.component.ts
FN:8,(anonymous_2)
FN:10,NavLinksComponent
FN:12,(anonymous_4)
FNF:3
FNH:1
FNDA:1,(anonymous_2)
FNDA:0,NavLinksComponent
FNDA:0,(anonymous_4)
DA:1,1
DA:8,1
DA:12,1
DA:15,1
LF:4
LH:4
BRF:0
BRH:0
end_of_record
TN:
SF:F:/Development/git/depositSol/depositSol/src/app/components/open-issue/open-issue.component.ts
FN:13,(anonymous_2)
FN:15,OpenIssueComponent
FN:55,(anonymous_4)
FN:56,(anonymous_5)
FN:67,(anonymous_6)
FN:70,(anonymous_7)
FN:73,(anonymous_8)
FN:76,(anonymous_9)
FN:79,(anonymous_10)
FN:82,(anonymous_11)
FN:118,(anonymous_12)
FN:122,(anonymous_13)
FN:126,(anonymous_14)
FN:130,(anonymous_15)
FN:133,(anonymous_16)
FN:141,(anonymous_17)
FN:149,(anonymous_18)
FN:158,(anonymous_19)
FN:162,(anonymous_20)
FN:167,(anonymous_21)
FN:171,(anonymous_22)
FN:176,(anonymous_23)
FN:182,(anonymous_24)
FN:184,(anonymous_25)
FN:195,(anonymous_26)
FN:199,(anonymous_27)
FN:201,(anonymous_28)
FN:203,(anonymous_29)
FN:212,(anonymous_30)
FN:214,(anonymous_31)
FN:223,(anonymous_32)
FN:225,(anonymous_33)
FN:236,(anonymous_34)
FNF:33
FNH:1
FNDA:1,(anonymous_2)
FNDA:0,OpenIssueComponent
FNDA:0,(anonymous_4)
FNDA:0,(anonymous_5)
FNDA:0,(anonymous_6)
FNDA:0,(anonymous_7)
FNDA:0,(anonymous_8)
FNDA:0,(anonymous_9)
FNDA:0,(anonymous_10)
FNDA:0,(anonymous_11)
FNDA:0,(anonymous_12)
FNDA:0,(anonymous_13)
FNDA:0,(anonymous_14)
FNDA:0,(anonymous_15)
FNDA:0,(anonymous_16)
FNDA:0,(anonymous_17)
FNDA:0,(anonymous_18)
FNDA:0,(anonymous_19)
FNDA:0,(anonymous_20)
FNDA:0,(anonymous_21)
FNDA:0,(anonymous_22)
FNDA:0,(anonymous_23)
FNDA:0,(anonymous_24)
FNDA:0,(anonymous_25)
FNDA:0,(anonymous_26)
FNDA:0,(anonymous_27)
FNDA:0,(anonymous_28)
FNDA:0,(anonymous_29)
FNDA:0,(anonymous_30)
FNDA:0,(anonymous_31)
FNDA:0,(anonymous_32)
FNDA:0,(anonymous_33)
FNDA:0,(anonymous_34)
DA:1,1
DA:2,1
DA:3,1
DA:4,1
DA:5,1
DA:6,1
DA:13,1
DA:15,0
DA:16,0
DA:17,0
DA:18,0
DA:19,0
DA:24,0
DA:25,0
DA:27,0
DA:28,0
DA:29,0
DA:30,0
DA:31,0
DA:32,0
DA:33,0
DA:34,0
DA:43,0
DA:50,0
DA:55,1
DA:56,0
DA:57,0
DA:58,0
DA:59,0
DA:60,0
DA:63,0
DA:64,0
DA:65,0
DA:66,0
DA:68,0
DA:72,0
DA:74,0
DA:78,0
DA:80,0
DA:84,0
DA:85,0
DA:86,0
DA:87,0
DA:88,0
DA:89,0
DA:90,0
DA:91,0
DA:92,0
DA:93,0
DA:94,0
DA:95,0
DA:96,0
DA:97,0
DA:98,0
DA:100,0
DA:108,0
DA:118,1
DA:119,0
DA:122,1
DA:123,0
DA:126,1
DA:127,0
DA:130,1
DA:131,0
DA:132,0
DA:134,0
DA:137,0
DA:139,0
DA:140,0
DA:142,0
DA:145,0
DA:147,0
DA:148,0
DA:150,0
DA:153,0
DA:156,0
DA:157,0
DA:159,0
DA:160,0
DA:162,0
DA:165,0
DA:166,0
DA:168,0
DA:169,0
DA:171,0
DA:176,1
DA:177,0
DA:178,0
DA:179,0
DA:182,1
DA:183,0
DA:185,0
DA:186,0
DA:187,0
DA:188,0
DA:189,0
DA:190,0
DA:191,0
DA:192,0
DA:193,0
DA:199,1
DA:200,0
DA:202,0
DA:204,0
DA:205,0
DA:211,0
DA:213,0
DA:215,0
DA:216,0
DA:222,0
DA:224,0
DA:226,0
DA:227,0
DA:233,0
DA:236,1
DA:237,0
DA:239,0
DA:241,1
LF:118
LH:17
BRDA:58,0,0,0
BRDA:58,0,1,0
BRDA:92,1,0,0
BRDA:92,1,1,0
BRDA:92,2,0,0
BRDA:92,2,1,0
BRDA:131,3,0,0
BRDA:131,3,1,0
BRDA:137,4,0,0
BRDA:137,4,1,0
BRDA:139,5,0,0
BRDA:139,5,1,0
BRDA:145,6,0,0
BRDA:145,6,1,0
BRDA:147,7,0,0
BRDA:147,7,1,0
BRDA:153,8,0,0
BRDA:153,8,1,0
BRDA:156,9,0,0
BRDA:156,9,1,0
BRDA:185,10,0,0
BRDA:185,10,1,0
BRDA:186,11,0,0
BRDA:186,11,1,0
BRDA:187,12,0,0
BRDA:187,12,1,0
BRDA:189,13,0,0
BRDA:189,13,1,0
BRDA:191,14,0,0
BRDA:191,14,1,0
BRDA:204,15,0,0
BRDA:204,15,1,0
BRDA:215,16,0,0
BRDA:215,16,1,0
BRDA:226,17,0,0
BRDA:226,17,1,0
BRF:36
BRH:0
end_of_record
TN:
SF:F:/Development/git/depositSol/depositSol/src/app/components/open-issue/open-issue.service.ts
FN:8,(anonymous_2)
FN:10,OpenIssueService
FN:15,(anonymous_4)
FN:18,(anonymous_5)
FN:21,(anonymous_6)
FN:27,(anonymous_7)
FN:30,(anonymous_8)
FN:33,(anonymous_9)
FN:39,(anonymous_10)
FN:42,(anonymous_11)
FN:45,(anonymous_12)
FNF:11
FNH:1
FNDA:1,(anonymous_2)
FNDA:0,OpenIssueService
FNDA:0,(anonymous_4)
FNDA:0,(anonymous_5)
FNDA:0,(anonymous_6)
FNDA:0,(anonymous_7)
FNDA:0,(anonymous_8)
FNDA:0,(anonymous_9)
FNDA:0,(anonymous_10)
FNDA:0,(anonymous_11)
FNDA:0,(anonymous_12)
DA:1,1
DA:3,1
DA:4,1
DA:5,1
DA:8,1
DA:10,0
DA:12,1
DA:13,1
DA:15,1
DA:16,0
DA:18,0
DA:22,0
DA:27,1
DA:28,0
DA:30,0
DA:34,0
DA:39,1
DA:40,0
DA:42,0
DA:46,0
DA:50,1
LF:21
LH:11
BRF:0
BRH:0
end_of_record
TN:
SF:F:/Development/git/depositSol/depositSol/src/app/constants/global.constant.ts
FN:84,userLogin
FNF:1
FNH:0
FNDA:0,userLogin
DA:2,1
DA:3,1
DA:8,1
DA:26,1
DA:40,1
DA:74,1
DA:79,1
DA:84,1
DA:85,0
LF:9
LH:8
BRF:0
BRH:0
end_of_record
TN:
SF:F:/Development/git/depositSol/depositSol/src/app/pipe/filter.pipe.ts
FN:6,(anonymous_1)
FN:7,(anonymous_3)
FN:11,(anonymous_4)
FNF:3
FNH:1
FNDA:1,(anonymous_1)
FNDA:0,(anonymous_3)
FNDA:0,(anonymous_4)
DA:1,1
DA:6,1
DA:7,1
DA:8,0
DA:9,0
DA:10,0
DA:11,0
DA:12,0
DA:15,1
LF:9
LH:4
BRDA:8,0,0,0
BRDA:8,0,1,0
BRDA:9,1,0,0
BRDA:9,1,1,0
BRDA:12,2,0,0
BRDA:12,2,1,0
BRF:6
BRH:0
end_of_record
TN:
SF:F:/Development/git/depositSol/depositSol/src/app/services/backend.service.ts
FN:8,(anonymous_2)
FN:10,BackendService
FN:12,(anonymous_4)
FN:24,(anonymous_5)
FN:33,(anonymous_6)
FN:42,(anonymous_7)
FN:51,(anonymous_8)
FNF:7
FNH:1
FNDA:1,(anonymous_2)
FNDA:0,BackendService
FNDA:0,(anonymous_4)
FNDA:0,(anonymous_5)
FNDA:0,(anonymous_6)
FNDA:0,(anonymous_7)
FNDA:0,(anonymous_8)
DA:1,1
DA:2,1
DA:3,1
DA:4,1
DA:8,1
DA:10,0
DA:12,1
DA:13,0
DA:24,1
DA:25,0
DA:33,1
DA:34,0
DA:42,1
DA:43,0
DA:51,1
DA:52,0
DA:59,1
LF:17
LH:11
BRDA:15,0,0,0
BRDA:15,0,1,0
BRDA:25,1,0,0
BRDA:25,1,1,0
BRDA:43,2,0,0
BRDA:43,2,1,0
BRF:6
BRH:0
end_of_record
TN:
SF:F:/Development/git/depositSol/depositSol/src/app/services/common.service.ts
FN:6,(anonymous_2)
FN:8,CommonService
FN:10,(anonymous_4)
FN:14,(anonymous_5)
FN:18,(anonymous_6)
FN:22,(anonymous_7)
FN:30,(anonymous_8)
FN:34,(anonymous_9)
FN:42,(anonymous_10)
FN:46,(anonymous_11)
FN:54,(anonymous_12)
FN:58,(anonymous_13)
FN:66,(anonymous_14)
FNF:13
FNH:1
FNDA:1,(anonymous_2)
FNDA:0,CommonService
FNDA:0,(anonymous_4)
FNDA:0,(anonymous_5)
FNDA:0,(anonymous_6)
FNDA:0,(anonymous_7)
FNDA:0,(anonymous_8)
FNDA:0,(anonymous_9)
FNDA:0,(anonymous_10)
FNDA:0,(anonymous_11)
FNDA:0,(anonymous_12)
FNDA:0,(anonymous_13)
FNDA:0,(anonymous_14)
DA:1,1
DA:2,1
DA:3,1
DA:6,1
DA:8,0
DA:10,1
DA:11,0
DA:14,1
DA:15,0
DA:18,1
DA:19,0
DA:20,0
DA:21,0
DA:23,0
DA:27,0
DA:30,1
DA:31,0
DA:32,0
DA:33,0
DA:35,0
DA:39,0
DA:42,1
DA:43,0
DA:44,0
DA:45,0
DA:47,0
DA:51,0
DA:54,1
DA:55,0
DA:56,0
DA:57,0
DA:59,0
DA:63,0
DA:66,1
DA:67,0
DA:68,0
DA:70,1
LF:37
LH:12
BRDA:20,0,0,0
BRDA:20,0,1,0
BRDA:20,1,0,0
BRDA:20,1,1,0
BRDA:32,2,0,0
BRDA:32,2,1,0
BRDA:32,3,0,0
BRDA:32,3,1,0
BRDA:44,4,0,0
BRDA:44,4,1,0
BRDA:44,5,0,0
BRDA:44,5,1,0
BRDA:56,6,0,0
BRDA:56,6,1,0
BRDA:56,7,0,0
BRDA:56,7,1,0
BRDA:68,8,0,0
BRDA:68,8,1,0
BRDA:68,9,0,0
BRDA:68,9,1,0
BRDA:68,10,0,0
BRDA:68,10,1,0
BRDA:68,11,0,0
BRDA:68,11,1,0
BRF:24
BRH:0
end_of_record
